TN:
SF:./public/modules/core/config/core.client.routes.js
FN:5,(anonymous_1)
FNF:1
FNH:1
FNDA:12,(anonymous_1)
DA:4,1
DA:7,12
DA:10,12
LF:3
LH:3
BRF:0
BRH:0
end_of_record
TN:
SF:./public/modules/core/controllers/header.client.controller.js
FN:4,(anonymous_1)
FN:9,(anonymous_2)
FN:14,(anonymous_3)
FNF:3
FNH:1
FNDA:1,(anonymous_1)
FNDA:0,(anonymous_2)
FNDA:0,(anonymous_3)
DA:3,1
DA:5,1
DA:6,1
DA:7,1
DA:9,1
DA:10,0
DA:14,1
DA:15,0
LF:8
LH:6
BRF:0
BRH:0
end_of_record
TN:
SF:./public/modules/core/controllers/home.client.controller.js
FN:5,(anonymous_1)
FNF:1
FNH:1
FNDA:1,(anonymous_1)
DA:4,1
DA:7,1
LF:2
LH:2
BRF:0
BRH:0
end_of_record
TN:
SF:./public/modules/core/services/menus.client.service.js
FN:6,(anonymous_1)
FN:14,(anonymous_2)
FN:35,(anonymous_3)
FN:50,(anonymous_4)
FN:59,(anonymous_5)
FN:73,(anonymous_6)
FN:82,(anonymous_7)
FN:105,(anonymous_8)
FN:130,(anonymous_9)
FN:146,(anonymous_10)
FNF:10
FNH:4
FNDA:1,(anonymous_1)
FNDA:0,(anonymous_2)
FNDA:1,(anonymous_3)
FNDA:1,(anonymous_4)
FNDA:1,(anonymous_5)
FNDA:0,(anonymous_6)
FNDA:0,(anonymous_7)
FNDA:0,(anonymous_8)
FNDA:0,(anonymous_9)
FNDA:0,(anonymous_10)
DA:4,1
DA:8,1
DA:11,1
DA:14,1
DA:15,0
DA:16,0
DA:17,0
DA:19,0
DA:20,0
DA:21,0
DA:22,0
DA:28,0
DA:31,0
DA:35,1
DA:36,1
DA:37,1
DA:38,1
DA:40,0
DA:43,0
DA:46,0
DA:50,1
DA:52,1
DA:55,1
DA:59,1
DA:61,1
DA:69,1
DA:73,1
DA:75,0
DA:78,0
DA:82,1
DA:84,0
DA:87,0
DA:101,0
DA:105,1
DA:107,0
DA:110,0
DA:111,0
DA:113,0
DA:126,0
DA:130,1
DA:132,0
DA:135,0
DA:136,0
DA:137,0
DA:142,0
DA:146,1
DA:148,0
DA:151,0
DA:152,0
DA:153,0
DA:154,0
DA:160,0
DA:164,1
LF:53
LH:20
BRDA:15,1,0,0
BRDA:15,1,1,0
BRDA:16,2,0,0
BRDA:16,2,1,0
BRDA:21,3,0,0
BRDA:21,3,1,0
BRDA:36,4,0,1
BRDA:36,4,1,0
BRDA:36,5,0,1
BRDA:36,5,1,1
BRDA:37,6,0,1
BRDA:37,6,1,0
BRDA:62,7,0,1
BRDA:62,7,1,1
BRDA:63,8,0,1
BRDA:63,8,1,1
BRDA:90,9,0,0
BRDA:90,9,1,0
BRDA:92,10,0,0
BRDA:92,10,1,0
BRDA:93,11,0,0
BRDA:93,11,1,0
BRDA:93,12,0,0
BRDA:93,12,1,0
BRDA:94,13,0,0
BRDA:94,13,1,0
BRDA:94,14,0,0
BRDA:94,14,1,0
BRDA:95,15,0,0
BRDA:95,15,1,0
BRDA:111,16,0,0
BRDA:111,16,1,0
BRDA:116,17,0,0
BRDA:116,17,1,0
BRDA:117,18,0,0
BRDA:117,18,1,0
BRDA:117,19,0,0
BRDA:117,19,1,0
BRDA:118,20,0,0
BRDA:118,20,1,0
BRDA:118,21,0,0
BRDA:118,21,1,0
BRDA:119,22,0,0
BRDA:119,22,1,0
BRDA:136,23,0,0
BRDA:136,23,1,0
BRDA:153,24,0,0
BRDA:153,24,1,0
BRF:48
BRH:8
end_of_record
TN:
SF:./public/modules/persons/config/persons.client.routes.js
FN:5,(anonymous_1)
FNF:1
FNH:1
FNDA:12,(anonymous_1)
DA:4,1
DA:7,12
LF:2
LH:2
BRF:0
BRH:0
end_of_record
TN:
SF:./public/modules/persons/controllers/persons.client.controller.js
FN:5,(anonymous_1)
FN:10,(anonymous_2)
FN:12,(anonymous_3)
FN:19,(anonymous_4)
FN:25,(anonymous_5)
FN:33,(anonymous_6)
FN:39,(anonymous_7)
FN:41,(anonymous_8)
FN:42,(anonymous_9)
FN:48,(anonymous_10)
FN:50,(anonymous_11)
FN:51,(anonymous_12)
FN:56,(anonymous_13)
FN:72,(anonymous_14)
FNF:14
FNH:3
FNDA:1,(anonymous_1)
FNDA:1,(anonymous_2)
FNDA:1,(anonymous_3)
FNDA:0,(anonymous_4)
FNDA:0,(anonymous_5)
FNDA:0,(anonymous_6)
FNDA:0,(anonymous_7)
FNDA:0,(anonymous_8)
FNDA:0,(anonymous_9)
FNDA:0,(anonymous_10)
FNDA:0,(anonymous_11)
FNDA:0,(anonymous_12)
FNDA:0,(anonymous_13)
FNDA:0,(anonymous_14)
DA:4,1
DA:7,1
DA:10,1
DA:11,1
DA:12,1
DA:13,1
DA:14,1
DA:15,1
DA:18,1
DA:20,0
DA:25,1
DA:26,0
DA:27,0
DA:28,0
DA:29,0
DA:33,0
DA:39,1
DA:40,0
DA:41,0
DA:43,0
DA:48,1
DA:49,0
DA:50,0
DA:51,0
DA:52,0
DA:53,0
DA:54,0
DA:55,0
DA:56,0
DA:57,0
DA:58,0
DA:59,0
DA:60,0
DA:61,0
DA:62,0
DA:63,0
DA:65,0
DA:67,0
DA:72,1
DA:73,0
LF:40
LH:13
BRDA:26,1,0,0
BRDA:26,1,1,0
BRDA:28,2,0,0
BRDA:28,2,1,0
BRF:4
BRH:0
end_of_record
TN:
SF:./public/modules/persons/services/persons.client.service.js
FN:5,(anonymous_1)
FNF:1
FNH:1
FNDA:1,(anonymous_1)
DA:4,1
DA:6,1
LF:2
LH:2
BRF:0
BRH:0
end_of_record
TN:
SF:./public/modules/projects/config/projects.client.routes.js
FN:5,(anonymous_1)
FNF:1
FNH:1
FNDA:12,(anonymous_1)
DA:4,1
DA:7,12
LF:2
LH:2
BRF:0
BRH:0
end_of_record
TN:
SF:./public/modules/projects/controllers/projects.client.controller.js
FN:5,(anonymous_1)
FN:9,(anonymous_2)
FN:11,(anonymous_3)
FN:14,(anonymous_4)
FN:20,(anonymous_5)
FN:29,(anonymous_6)
FN:35,(anonymous_7)
FN:37,(anonymous_8)
FN:37,(anonymous_9)
FN:43,(anonymous_10)
FN:50,(anonymous_11)
FNF:11
FNH:6
FNDA:4,(anonymous_1)
FNDA:1,(anonymous_2)
FNDA:1,(anonymous_3)
FNDA:0,(anonymous_4)
FNDA:1,(anonymous_5)
FNDA:0,(anonymous_6)
FNDA:0,(anonymous_7)
FNDA:0,(anonymous_8)
FNDA:0,(anonymous_9)
FNDA:1,(anonymous_10)
FNDA:1,(anonymous_11)
DA:4,1
DA:6,4
DA:9,4
DA:10,1
DA:11,1
DA:12,1
DA:13,1
DA:15,0
DA:20,4
DA:21,1
DA:22,1
DA:23,1
DA:24,1
DA:25,1
DA:29,0
DA:35,4
DA:36,0
DA:37,0
DA:38,0
DA:43,4
DA:44,1
DA:50,4
DA:51,1
LF:23
LH:18
BRDA:21,1,0,1
BRDA:21,1,1,0
BRDA:24,2,0,1
BRDA:24,2,1,0
BRF:4
BRH:2
end_of_record
TN:
SF:./public/modules/projects/directives/custompopover.client.directive.js
FNF:0
FNH:0
LF:0
LH:0
BRF:0
BRH:0
end_of_record
TN:
SF:./public/modules/projects/services/projects.client.service.js
FN:5,(anonymous_1)
FNF:1
FNH:1
FNDA:4,(anonymous_1)
DA:4,1
DA:6,4
LF:2
LH:2
BRF:0
BRH:0
end_of_record
TN:
SF:./public/modules/tasks/config/tasks.client.routes.js
FN:5,(anonymous_1)
FNF:1
FNH:1
FNDA:12,(anonymous_1)
DA:4,1
DA:7,12
LF:2
LH:2
BRF:0
BRH:0
end_of_record
TN:
SF:./public/modules/tasks/controllers/tasks.client.controller.js
FN:6,(anonymous_1)
FN:10,(anonymous_2)
FN:16,(anonymous_3)
FN:21,(anonymous_4)
FN:26,(anonymous_5)
FN:30,(anonymous_6)
FN:32,(anonymous_7)
FN:33,(anonymous_8)
FN:38,(anonymous_9)
FN:54,(anonymous_10)
FN:56,(anonymous_11)
FN:57,(anonymous_12)
FN:62,(anonymous_13)
FN:82,(anonymous_14)
FN:90,(anonymous_15)
FN:102,(anonymous_16)
FN:107,(anonymous_17)
FN:113,(anonymous_18)
FN:121,(anonymous_19)
FN:123,(anonymous_20)
FN:128,(anonymous_21)
FN:172,(anonymous_22)
FN:182,(anonymous_23)
FN:187,(anonymous_24)
FN:202,(anonymous_25)
FN:206,(anonymous_26)
FN:208,(anonymous_27)
FN:213,(anonymous_28)
FN:219,(anonymous_29)
FN:225,(anonymous_30)
FN:231,(anonymous_31)
FN:237,(anonymous_32)
FN:241,(anonymous_33)
FN:258,(anonymous_34)
FN:268,(anonymous_35)
FN:300,(anonymous_36)
FN:344,(anonymous_37)
FN:348,(anonymous_38)
FN:354,Uuid
FN:356,(anonymous_40)
FN:361,(anonymous_41)
FN:367,Sample
FN:369,(anonymous_43)
FN:372,(anonymous_44)
FN:387,(anonymous_45)
FN:391,(anonymous_46)
FN:396,(anonymous_47)
FN:400,(anonymous_48)
FN:404,(anonymous_49)
FNF:49
FNH:0
FNDA:0,(anonymous_1)
FNDA:0,(anonymous_2)
FNDA:0,(anonymous_3)
FNDA:0,(anonymous_4)
FNDA:0,(anonymous_5)
FNDA:0,(anonymous_6)
FNDA:0,(anonymous_7)
FNDA:0,(anonymous_8)
FNDA:0,(anonymous_9)
FNDA:0,(anonymous_10)
FNDA:0,(anonymous_11)
FNDA:0,(anonymous_12)
FNDA:0,(anonymous_13)
FNDA:0,(anonymous_14)
FNDA:0,(anonymous_15)
FNDA:0,(anonymous_16)
FNDA:0,(anonymous_17)
FNDA:0,(anonymous_18)
FNDA:0,(anonymous_19)
FNDA:0,(anonymous_20)
FNDA:0,(anonymous_21)
FNDA:0,(anonymous_22)
FNDA:0,(anonymous_23)
FNDA:0,(anonymous_24)
FNDA:0,(anonymous_25)
FNDA:0,(anonymous_26)
FNDA:0,(anonymous_27)
FNDA:0,(anonymous_28)
FNDA:0,(anonymous_29)
FNDA:0,(anonymous_30)
FNDA:0,(anonymous_31)
FNDA:0,(anonymous_32)
FNDA:0,(anonymous_33)
FNDA:0,(anonymous_34)
FNDA:0,(anonymous_35)
FNDA:0,(anonymous_36)
FNDA:0,(anonymous_37)
FNDA:0,(anonymous_38)
FNDA:0,Uuid
FNDA:0,(anonymous_40)
FNDA:0,(anonymous_41)
FNDA:0,Sample
FNDA:0,(anonymous_43)
FNDA:0,(anonymous_44)
FNDA:0,(anonymous_45)
FNDA:0,(anonymous_46)
FNDA:0,(anonymous_47)
FNDA:0,(anonymous_48)
FNDA:0,(anonymous_49)
DA:4,1
DA:8,0
DA:9,0
DA:10,0
DA:11,0
DA:17,0
DA:21,0
DA:22,0
DA:23,0
DA:25,0
DA:30,0
DA:31,0
DA:32,0
DA:33,0
DA:34,0
DA:35,0
DA:36,0
DA:37,0
DA:38,0
DA:39,0
DA:40,0
DA:41,0
DA:42,0
DA:43,0
DA:44,0
DA:45,0
DA:48,0
DA:50,0
DA:54,0
DA:55,0
DA:56,0
DA:57,0
DA:58,0
DA:59,0
DA:60,0
DA:61,0
DA:62,0
DA:63,0
DA:64,0
DA:65,0
DA:66,0
DA:67,0
DA:68,0
DA:69,0
DA:72,0
DA:74,0
DA:82,0
DA:83,0
DA:89,0
DA:90,0
DA:91,0
DA:98,0
DA:99,0
DA:100,0
DA:103,0
DA:107,0
DA:108,0
DA:113,0
DA:114,0
DA:117,0
DA:118,0
DA:119,0
DA:120,0
DA:121,0
DA:124,0
DA:128,0
DA:129,0
DA:136,0
DA:173,0
DA:182,0
DA:183,0
DA:184,0
DA:187,0
DA:188,0
DA:189,0
DA:190,0
DA:193,0
DA:195,0
DA:196,0
DA:202,0
DA:203,0
DA:206,0
DA:207,0
DA:208,0
DA:209,0
DA:213,0
DA:214,0
DA:216,0
DA:219,0
DA:220,0
DA:221,0
DA:222,0
DA:225,0
DA:226,0
DA:227,0
DA:228,0
DA:231,0
DA:232,0
DA:237,0
DA:238,0
DA:241,0
DA:242,0
DA:243,0
DA:244,0
DA:245,0
DA:247,0
DA:250,0
DA:251,0
DA:253,0
DA:258,0
DA:259,0
DA:261,0
DA:262,0
DA:264,0
DA:268,0
DA:270,0
DA:271,0
DA:272,0
DA:273,0
DA:274,0
DA:275,0
DA:276,0
DA:277,0
DA:278,0
DA:279,0
DA:280,0
DA:281,0
DA:282,0
DA:283,0
DA:284,0
DA:285,0
DA:286,0
DA:288,0
DA:290,0
DA:292,0
DA:293,0
DA:294,0
DA:295,0
DA:296,0
DA:297,0
DA:298,0
DA:299,0
DA:300,0
DA:302,0
DA:303,0
DA:304,0
DA:306,0
DA:307,0
DA:308,0
DA:310,0
DA:311,0
DA:312,0
DA:314,0
DA:315,0
DA:317,0
DA:318,0
DA:319,0
DA:320,0
DA:322,0
DA:324,0
DA:325,0
DA:326,0
DA:327,0
DA:328,0
DA:330,0
DA:331,0
DA:332,0
DA:333,0
DA:334,0
DA:336,0
DA:338,0
DA:339,0
DA:341,0
DA:342,0
DA:344,0
DA:345,0
DA:346,0
DA:348,0
DA:349,0
DA:355,0
DA:357,0
DA:362,0
DA:368,0
DA:370,0
DA:373,0
DA:390,0
DA:391,0
DA:392,0
DA:395,0
DA:396,0
DA:397,0
DA:400,0
DA:401,0
DA:404,0
DA:405,0
LF:195
LH:1
BRDA:173,1,0,0
BRDA:173,1,1,0
BRDA:188,2,0,0
BRDA:188,2,1,0
BRDA:189,3,0,0
BRDA:189,3,1,0
BRDA:245,4,0,0
BRDA:245,4,1,0
BRDA:247,5,0,0
BRDA:247,5,1,0
BRDA:247,6,0,0
BRDA:247,6,1,0
BRDA:259,7,0,0
BRDA:259,7,1,0
BRDA:262,8,0,0
BRDA:262,8,1,0
BRDA:273,9,0,0
BRDA:273,9,1,0
BRDA:273,10,0,0
BRDA:273,10,1,0
BRDA:275,11,0,0
BRDA:275,11,1,0
BRDA:275,12,0,0
BRDA:275,12,1,0
BRDA:276,13,0,0
BRDA:276,13,1,0
BRDA:277,14,0,0
BRDA:277,14,1,0
BRDA:279,15,0,0
BRDA:279,15,1,0
BRDA:281,16,0,0
BRDA:281,16,1,0
BRDA:283,17,0,0
BRDA:283,17,1,0
BRDA:285,18,0,0
BRDA:285,18,1,0
BRDA:390,19,0,0
BRDA:390,19,1,0
BRDA:395,20,0,0
BRDA:395,20,1,0
BRF:40
BRH:0
end_of_record
TN:
SF:./public/modules/tasks/services/tasks.client.service.js
FN:5,(anonymous_1)
FN:15,(anonymous_2)
FNF:2
FNH:1
FNDA:4,(anonymous_1)
FNDA:0,(anonymous_2)
DA:4,1
DA:6,4
DA:15,1
DA:16,0
DA:17,0
DA:19,0
LF:6
LH:3
BRF:0
BRH:0
end_of_record
TN:
SF:./public/modules/users/config/users.client.config.js
FN:5,(anonymous_1)
FN:8,(anonymous_2)
FN:10,(anonymous_3)
FNF:3
FNH:3
FNDA:12,(anonymous_1)
FNDA:10,(anonymous_2)
FNDA:3,(anonymous_3)
DA:4,1
DA:7,12
DA:9,10
DA:11,3
DA:14,0
DA:17,0
DA:18,0
DA:21,0
DA:24,3
LF:9
LH:5
BRDA:11,1,0,0
BRDA:11,1,1,0
BRF:2
BRH:0
end_of_record
TN:
SF:./public/modules/users/config/users.client.routes.js
FN:5,(anonymous_1)
FNF:1
FNH:1
FNDA:12,(anonymous_1)
DA:4,1
DA:7,12
LF:2
LH:2
BRF:0
BRH:0
end_of_record
TN:
SF:./public/modules/users/controllers/authentication.client.controller.js
FN:4,(anonymous_1)
FN:10,(anonymous_2)
FN:11,(anonymous_3)
FN:17,(anonymous_4)
FN:22,(anonymous_5)
FN:23,(anonymous_6)
FN:29,(anonymous_7)
FNF:7
FNH:7
FNDA:5,(anonymous_1)
FNDA:2,(anonymous_2)
FNDA:1,(anonymous_3)
FNDA:1,(anonymous_4)
FNDA:3,(anonymous_5)
FNDA:1,(anonymous_6)
FNDA:2,(anonymous_7)
DA:3,1
DA:5,5
DA:8,5
DA:10,5
DA:11,2
DA:13,1
DA:16,1
DA:18,1
DA:22,5
DA:23,3
DA:25,1
DA:28,1
DA:30,2
LF:13
LH:13
BRDA:8,1,0,0
BRDA:8,1,1,5
BRF:2
BRH:1
end_of_record
TN:
SF:./public/modules/users/controllers/password.client.controller.js
FN:4,(anonymous_1)
FN:11,(anonymous_2)
FN:14,(anonymous_3)
FN:19,(anonymous_4)
FN:27,(anonymous_5)
FN:30,(anonymous_6)
FN:39,(anonymous_7)
FNF:7
FNH:0
FNDA:0,(anonymous_1)
FNDA:0,(anonymous_2)
FNDA:0,(anonymous_3)
FNDA:0,(anonymous_4)
FNDA:0,(anonymous_5)
FNDA:0,(anonymous_6)
FNDA:0,(anonymous_7)
DA:3,1
DA:5,0
DA:8,0
DA:11,0
DA:12,0
DA:14,0
DA:16,0
DA:17,0
DA:21,0
DA:22,0
DA:27,0
DA:28,0
DA:30,0
DA:32,0
DA:35,0
DA:38,0
DA:40,0
LF:17
LH:1
BRDA:8,1,0,0
BRDA:8,1,1,0
BRF:2
BRH:0
end_of_record
TN:
SF:./public/modules/users/controllers/settings.client.controller.js
FN:4,(anonymous_1)
FN:11,(anonymous_2)
FN:20,(anonymous_3)
FN:25,(anonymous_4)
FN:32,(anonymous_5)
FN:36,(anonymous_6)
FN:42,(anonymous_7)
FN:47,(anonymous_8)
FN:50,(anonymous_9)
FN:59,(anonymous_10)
FN:62,(anonymous_11)
FN:66,(anonymous_12)
FNF:12
FNH:0
FNDA:0,(anonymous_1)
FNDA:0,(anonymous_2)
FNDA:0,(anonymous_3)
FNDA:0,(anonymous_4)
FNDA:0,(anonymous_5)
FNDA:0,(anonymous_6)
FNDA:0,(anonymous_7)
FNDA:0,(anonymous_8)
FNDA:0,(anonymous_9)
FNDA:0,(anonymous_10)
FNDA:0,(anonymous_11)
FNDA:0,(anonymous_12)
DA:3,1
DA:5,0
DA:8,0
DA:11,0
DA:12,0
DA:13,0
DA:16,0
DA:20,0
DA:21,0
DA:25,0
DA:26,0
DA:28,0
DA:34,0
DA:35,0
DA:37,0
DA:42,0
DA:43,0
DA:44,0
DA:45,0
DA:47,0
DA:48,0
DA:49,0
DA:51,0
DA:54,0
DA:59,0
DA:60,0
DA:62,0
DA:64,0
DA:65,0
DA:67,0
LF:30
LH:1
BRDA:8,1,0,0
BRDA:8,1,1,0
BRDA:21,2,0,0
BRDA:21,2,1,0
BRDA:21,2,2,0
BRDA:43,3,0,0
BRDA:43,3,1,0
BRF:7
BRH:0
end_of_record
TN:
SF:./public/modules/users/services/authentication.client.service.js
FN:6,(anonymous_1)
FNF:1
FNH:1
FNDA:12,(anonymous_1)
DA:4,1
DA:7,12
DA:9,12
DA:13,12
LF:4
LH:4
BRF:0
BRH:0
end_of_record
TN:
SF:./public/modules/users/services/users.client.service.js
FN:5,(anonymous_1)
FNF:1
FNH:0
FNDA:0,(anonymous_1)
DA:4,1
DA:6,0
LF:2
LH:1
BRF:0
BRH:0
end_of_record
