TN:
SF:./public/modules/core/config/core.client.routes.js
FN:5,(anonymous_1)
FNF:1
FNH:1
FNDA:13,(anonymous_1)
DA:4,1
DA:7,13
DA:10,13
LF:3
LH:3
BRF:0
BRH:0
end_of_record
TN:
SF:./public/modules/core/controllers/header.client.controller.js
FN:4,(anonymous_1)
FN:9,(anonymous_2)
FN:14,(anonymous_3)
FNF:3
FNH:1
FNDA:1,(anonymous_1)
FNDA:0,(anonymous_2)
FNDA:0,(anonymous_3)
DA:3,1
DA:5,1
DA:6,1
DA:7,1
DA:9,1
DA:10,0
DA:14,1
DA:15,0
LF:8
LH:6
BRF:0
BRH:0
end_of_record
TN:
SF:./public/modules/core/controllers/home.client.controller.js
FN:5,(anonymous_1)
FNF:1
FNH:1
FNDA:1,(anonymous_1)
DA:4,1
DA:7,1
LF:2
LH:2
BRF:0
BRH:0
end_of_record
TN:
SF:./public/modules/core/services/menus.client.service.js
FN:6,(anonymous_1)
FN:14,(anonymous_2)
FN:35,(anonymous_3)
FN:50,(anonymous_4)
FN:59,(anonymous_5)
FN:73,(anonymous_6)
FN:82,(anonymous_7)
FN:105,(anonymous_8)
FN:130,(anonymous_9)
FN:146,(anonymous_10)
FNF:10
FNH:4
FNDA:1,(anonymous_1)
FNDA:0,(anonymous_2)
FNDA:1,(anonymous_3)
FNDA:1,(anonymous_4)
FNDA:1,(anonymous_5)
FNDA:0,(anonymous_6)
FNDA:0,(anonymous_7)
FNDA:0,(anonymous_8)
FNDA:0,(anonymous_9)
FNDA:0,(anonymous_10)
DA:4,1
DA:8,1
DA:11,1
DA:14,1
DA:15,0
DA:16,0
DA:17,0
DA:19,0
DA:20,0
DA:21,0
DA:22,0
DA:28,0
DA:31,0
DA:35,1
DA:36,1
DA:37,1
DA:38,1
DA:40,0
DA:43,0
DA:46,0
DA:50,1
DA:52,1
DA:55,1
DA:59,1
DA:61,1
DA:69,1
DA:73,1
DA:75,0
DA:78,0
DA:82,1
DA:84,0
DA:87,0
DA:101,0
DA:105,1
DA:107,0
DA:110,0
DA:111,0
DA:113,0
DA:126,0
DA:130,1
DA:132,0
DA:135,0
DA:136,0
DA:137,0
DA:142,0
DA:146,1
DA:148,0
DA:151,0
DA:152,0
DA:153,0
DA:154,0
DA:160,0
DA:164,1
LF:53
LH:20
BRDA:15,1,0,0
BRDA:15,1,1,0
BRDA:16,2,0,0
BRDA:16,2,1,0
BRDA:21,3,0,0
BRDA:21,3,1,0
BRDA:36,4,0,1
BRDA:36,4,1,0
BRDA:36,5,0,1
BRDA:36,5,1,1
BRDA:37,6,0,1
BRDA:37,6,1,0
BRDA:62,7,0,1
BRDA:62,7,1,1
BRDA:63,8,0,1
BRDA:63,8,1,1
BRDA:90,9,0,0
BRDA:90,9,1,0
BRDA:92,10,0,0
BRDA:92,10,1,0
BRDA:93,11,0,0
BRDA:93,11,1,0
BRDA:93,12,0,0
BRDA:93,12,1,0
BRDA:94,13,0,0
BRDA:94,13,1,0
BRDA:94,14,0,0
BRDA:94,14,1,0
BRDA:95,15,0,0
BRDA:95,15,1,0
BRDA:111,16,0,0
BRDA:111,16,1,0
BRDA:116,17,0,0
BRDA:116,17,1,0
BRDA:117,18,0,0
BRDA:117,18,1,0
BRDA:117,19,0,0
BRDA:117,19,1,0
BRDA:118,20,0,0
BRDA:118,20,1,0
BRDA:118,21,0,0
BRDA:118,21,1,0
BRDA:119,22,0,0
BRDA:119,22,1,0
BRDA:136,23,0,0
BRDA:136,23,1,0
BRDA:153,24,0,0
BRDA:153,24,1,0
BRF:48
BRH:8
end_of_record
TN:
SF:./public/modules/persons/controllers/persons.client.controller.js
FN:5,(anonymous_1)
FN:9,(anonymous_2)
FN:12,(anonymous_3)
FN:25,(anonymous_4)
FN:32,(anonymous_5)
FN:41,(anonymous_6)
FNF:6
FNH:4
FNDA:2,(anonymous_1)
FNDA:1,(anonymous_2)
FNDA:1,(anonymous_3)
FNDA:0,(anonymous_4)
FNDA:1,(anonymous_5)
FNDA:0,(anonymous_6)
DA:4,1
DA:7,2
DA:9,2
DA:10,1
DA:11,1
DA:12,1
DA:13,1
DA:14,1
DA:15,1
DA:16,1
DA:17,1
DA:18,1
DA:23,1
DA:26,0
DA:27,0
DA:32,2
DA:33,1
DA:34,1
DA:35,1
DA:36,1
DA:37,1
DA:41,0
LF:22
LH:19
BRDA:17,1,0,1
BRDA:17,1,1,0
BRDA:33,2,0,1
BRDA:33,2,1,0
BRDA:36,3,0,1
BRDA:36,3,1,0
BRF:6
BRH:3
end_of_record
TN:
SF:./public/modules/persons/services/persons.client.service.js
FN:5,(anonymous_1)
FNF:1
FNH:1
FNDA:9,(anonymous_1)
DA:4,1
DA:6,9
LF:2
LH:2
BRF:0
BRH:0
end_of_record
TN:
SF:./public/modules/projects/controllers/projects.client.controller.js
FN:3,(anonymous_1)
FN:7,(anonymous_2)
FN:10,(anonymous_3)
FN:22,(anonymous_4)
FN:28,(anonymous_5)
FN:37,(anonymous_6)
FNF:6
FNH:4
FNDA:2,(anonymous_1)
FNDA:1,(anonymous_2)
FNDA:1,(anonymous_3)
FNDA:0,(anonymous_4)
FNDA:1,(anonymous_5)
FNDA:0,(anonymous_6)
DA:2,1
DA:4,2
DA:7,2
DA:8,1
DA:9,1
DA:10,1
DA:11,1
DA:12,1
DA:13,1
DA:14,1
DA:15,1
DA:20,1
DA:23,0
DA:28,2
DA:29,1
DA:30,1
DA:31,1
DA:32,1
DA:33,1
DA:37,0
LF:20
LH:18
BRDA:14,1,0,1
BRDA:14,1,1,0
BRDA:29,2,0,1
BRDA:29,2,1,0
BRDA:32,3,0,1
BRDA:32,3,1,0
BRF:6
BRH:3
end_of_record
TN:
SF:./public/modules/projects/directives/custompopover.client.directive.js
FNF:0
FNH:0
LF:0
LH:0
BRF:0
BRH:0
end_of_record
TN:
SF:./public/modules/projects/services/projects.client.service.js
FN:5,(anonymous_1)
FNF:1
FNH:1
FNDA:9,(anonymous_1)
DA:4,1
DA:6,9
LF:2
LH:2
BRF:0
BRH:0
end_of_record
TN:
SF:./public/modules/tasks/controllers/modalwindow.client.controller.js
FN:5,(anonymous_1)
FN:7,(anonymous_2)
FN:18,(anonymous_3)
FN:22,(anonymous_4)
FNF:4
FNH:0
FNDA:0,(anonymous_1)
FNDA:0,(anonymous_2)
FNDA:0,(anonymous_3)
FNDA:0,(anonymous_4)
DA:4,1
DA:7,0
DA:8,0
DA:10,0
DA:11,0
DA:13,0
DA:14,0
DA:18,0
DA:19,0
DA:22,0
DA:23,0
LF:11
LH:1
BRDA:8,1,0,0
BRDA:8,1,1,0
BRF:2
BRH:0
end_of_record
TN:
SF:./public/modules/tasks/controllers/tasks.client.controller.js
FN:6,(anonymous_1)
FN:22,(anonymous_2)
FN:30,(anonymous_3)
FN:39,(anonymous_4)
FN:42,(anonymous_5)
FN:45,(anonymous_6)
FN:51,(anonymous_7)
FN:57,(anonymous_8)
FN:64,(anonymous_9)
FN:67,(anonymous_10)
FN:73,(anonymous_11)
FN:75,(anonymous_12)
FN:77,(anonymous_13)
FN:81,(anonymous_14)
FN:88,(anonymous_15)
FN:101,(anonymous_16)
FN:106,(anonymous_17)
FN:110,(anonymous_18)
FN:116,(anonymous_19)
FN:118,(anonymous_20)
FN:121,(anonymous_21)
FN:127,(anonymous_22)
FN:130,(anonymous_23)
FN:133,(anonymous_24)
FN:137,(anonymous_25)
FN:144,(anonymous_26)
FN:152,(anonymous_27)
FN:165,(anonymous_28)
FN:168,(anonymous_29)
FN:169,(anonymous_30)
FN:174,(anonymous_31)
FN:190,(anonymous_32)
FN:192,(anonymous_33)
FN:200,(anonymous_34)
FN:208,(anonymous_35)
FN:226,(anonymous_36)
FN:231,(anonymous_37)
FN:238,(anonymous_38)
FN:240,(anonymous_39)
FN:246,(anonymous_40)
FN:287,(anonymous_41)
FN:297,(anonymous_42)
FN:302,(anonymous_43)
FN:316,(anonymous_44)
FN:318,(anonymous_45)
FN:323,(anonymous_46)
FN:329,(anonymous_47)
FN:348,(anonymous_48)
FN:370,(anonymous_49)
FN:377,(anonymous_50)
FN:381,(anonymous_51)
FNF:51
FNH:17
FNDA:7,(anonymous_1)
FNDA:0,(anonymous_2)
FNDA:0,(anonymous_3)
FNDA:0,(anonymous_4)
FNDA:1,(anonymous_5)
FNDA:1,(anonymous_6)
FNDA:0,(anonymous_7)
FNDA:1,(anonymous_8)
FNDA:1,(anonymous_9)
FNDA:0,(anonymous_10)
FNDA:0,(anonymous_11)
FNDA:0,(anonymous_12)
FNDA:0,(anonymous_13)
FNDA:0,(anonymous_14)
FNDA:0,(anonymous_15)
FNDA:1,(anonymous_16)
FNDA:0,(anonymous_17)
FNDA:0,(anonymous_18)
FNDA:0,(anonymous_19)
FNDA:0,(anonymous_20)
FNDA:0,(anonymous_21)
FNDA:0,(anonymous_22)
FNDA:0,(anonymous_23)
FNDA:0,(anonymous_24)
FNDA:0,(anonymous_25)
FNDA:0,(anonymous_26)
FNDA:1,(anonymous_27)
FNDA:1,(anonymous_28)
FNDA:1,(anonymous_29)
FNDA:1,(anonymous_30)
FNDA:0,(anonymous_31)
FNDA:2,(anonymous_32)
FNDA:0,(anonymous_33)
FNDA:1,(anonymous_34)
FNDA:1,(anonymous_35)
FNDA:0,(anonymous_36)
FNDA:1,(anonymous_37)
FNDA:1,(anonymous_38)
FNDA:0,(anonymous_39)
FNDA:0,(anonymous_40)
FNDA:0,(anonymous_41)
FNDA:6,(anonymous_42)
FNDA:6,(anonymous_43)
FNDA:0,(anonymous_44)
FNDA:0,(anonymous_45)
FNDA:0,(anonymous_46)
FNDA:0,(anonymous_47)
FNDA:0,(anonymous_48)
FNDA:0,(anonymous_49)
FNDA:0,(anonymous_50)
FNDA:0,(anonymous_51)
DA:4,1
DA:8,7
DA:9,7
DA:10,7
DA:11,7
DA:18,7
DA:19,7
DA:22,7
DA:23,0
DA:30,0
DA:31,0
DA:32,0
DA:33,0
DA:35,0
DA:36,0
DA:38,0
DA:42,7
DA:43,1
DA:44,1
DA:45,1
DA:46,1
DA:48,1
DA:49,1
DA:50,1
DA:52,0
DA:55,7
DA:57,7
DA:58,1
DA:61,1
DA:62,1
DA:63,1
DA:64,1
DA:65,1
DA:66,1
DA:68,0
DA:71,7
DA:73,7
DA:74,0
DA:76,0
DA:77,0
DA:78,0
DA:79,0
DA:81,0
DA:82,0
DA:83,0
DA:89,0
DA:93,0
DA:94,0
DA:96,0
DA:98,0
DA:101,7
DA:102,1
DA:103,1
DA:104,1
DA:105,1
DA:106,1
DA:107,0
DA:108,0
DA:109,0
DA:111,0
DA:114,7
DA:116,7
DA:117,0
DA:118,0
DA:119,0
DA:120,0
DA:122,0
DA:125,7
DA:127,7
DA:128,0
DA:131,0
DA:132,0
DA:133,0
DA:134,0
DA:135,0
DA:137,0
DA:138,0
DA:139,0
DA:145,0
DA:152,7
DA:153,1
DA:154,1
DA:155,1
DA:156,1
DA:157,1
DA:158,1
DA:159,1
DA:160,1
DA:161,1
DA:165,7
DA:166,1
DA:167,1
DA:169,1
DA:170,1
DA:171,1
DA:172,1
DA:173,1
DA:174,1
DA:175,0
DA:176,0
DA:177,0
DA:178,0
DA:179,0
DA:180,0
DA:181,0
DA:183,1
DA:185,1
DA:190,7
DA:191,2
DA:192,2
DA:193,0
DA:194,0
DA:196,2
DA:200,7
DA:201,1
DA:207,1
DA:208,1
DA:209,1
DA:216,1
DA:217,1
DA:219,0
DA:222,1
DA:223,1
DA:224,1
DA:227,0
DA:231,7
DA:232,1
DA:235,1
DA:236,1
DA:237,1
DA:238,1
DA:241,0
DA:246,7
DA:247,0
DA:250,0
DA:254,7
DA:288,0
DA:297,7
DA:298,6
DA:299,6
DA:302,7
DA:303,6
DA:304,0
DA:305,0
DA:308,0
DA:310,0
DA:311,0
DA:316,7
DA:317,0
DA:318,0
DA:319,0
DA:323,7
DA:325,0
DA:326,0
DA:329,7
DA:330,0
DA:331,0
DA:332,0
DA:334,0
DA:335,0
DA:336,0
DA:338,0
DA:339,0
DA:340,0
DA:343,0
DA:344,0
DA:348,7
DA:349,0
DA:351,0
DA:352,0
DA:354,0
DA:355,0
DA:358,0
DA:360,0
DA:361,0
DA:362,0
DA:363,0
DA:364,0
DA:370,7
DA:371,0
DA:372,0
DA:377,7
DA:378,0
DA:381,7
DA:382,7
DA:383,7
DA:384,7
LF:187
LH:95
BRDA:31,1,0,0
BRDA:31,1,1,0
BRDA:93,2,0,0
BRDA:93,2,1,0
BRDA:180,3,0,0
BRDA:180,3,1,0
BRDA:216,4,0,1
BRDA:216,4,1,0
BRDA:288,5,0,0
BRDA:288,5,1,0
BRDA:303,6,0,0
BRDA:303,6,1,6
BRDA:304,7,0,0
BRDA:304,7,1,0
BRDA:332,8,0,0
BRDA:332,8,1,0
BRDA:349,9,0,0
BRDA:349,9,1,0
BRDA:360,10,0,0
BRDA:360,10,1,0
BRDA:361,11,0,0
BRDA:361,11,1,0
BRDA:361,12,0,0
BRDA:361,12,1,0
BRF:24
BRH:2
end_of_record
TN:
SF:./public/modules/tasks/services/tasks.client.service.js
FN:5,(anonymous_1)
FN:17,(anonymous_2)
FN:23,Sample
FN:25,(anonymous_4)
FN:28,(anonymous_5)
FN:44,Uuid
FN:46,(anonymous_7)
FN:51,(anonymous_8)
FNF:8
FNH:4
FNDA:9,(anonymous_1)
FNDA:11,(anonymous_2)
FNDA:7,Sample
FNDA:0,(anonymous_4)
FNDA:0,(anonymous_5)
FNDA:7,Uuid
FNDA:0,(anonymous_7)
FNDA:0,(anonymous_8)
DA:4,1
DA:6,9
DA:17,1
DA:18,11
DA:23,1
DA:24,7
DA:26,0
DA:29,0
DA:44,1
DA:45,7
DA:47,0
DA:52,0
LF:12
LH:8
BRF:0
BRH:0
end_of_record
TN:
SF:./public/modules/users/config/users.client.config.js
FN:5,(anonymous_1)
FN:8,(anonymous_2)
FN:10,(anonymous_3)
FNF:3
FNH:2
FNDA:13,(anonymous_1)
FNDA:11,(anonymous_2)
FNDA:0,(anonymous_3)
DA:4,1
DA:7,13
DA:9,11
DA:11,0
DA:14,0
DA:17,0
DA:18,0
DA:21,0
DA:24,0
LF:9
LH:3
BRDA:11,1,0,0
BRDA:11,1,1,0
BRF:2
BRH:0
end_of_record
TN:
SF:./public/modules/users/config/users.client.routes.js
FN:5,(anonymous_1)
FNF:1
FNH:1
FNDA:13,(anonymous_1)
DA:4,1
DA:7,13
LF:2
LH:2
BRF:0
BRH:0
end_of_record
TN:
SF:./public/modules/users/controllers/authentication.client.controller.js
FN:4,(anonymous_1)
FN:10,(anonymous_2)
FN:11,(anonymous_3)
FN:19,(anonymous_4)
FN:24,(anonymous_5)
FN:25,(anonymous_6)
FN:31,(anonymous_7)
FNF:7
FNH:0
FNDA:0,(anonymous_1)
FNDA:0,(anonymous_2)
FNDA:0,(anonymous_3)
FNDA:0,(anonymous_4)
FNDA:0,(anonymous_5)
FNDA:0,(anonymous_6)
FNDA:0,(anonymous_7)
DA:3,1
DA:5,0
DA:8,0
DA:10,0
DA:11,0
DA:16,0
DA:17,0
DA:20,0
DA:24,0
DA:25,0
DA:27,0
DA:30,0
DA:32,0
LF:13
LH:1
BRDA:8,1,0,0
BRDA:8,1,1,0
BRDA:16,2,0,0
BRDA:16,2,1,0
BRF:4
BRH:0
end_of_record
TN:
SF:./public/modules/users/controllers/password.client.controller.js
FN:4,(anonymous_1)
FN:11,(anonymous_2)
FN:14,(anonymous_3)
FN:19,(anonymous_4)
FN:27,(anonymous_5)
FN:30,(anonymous_6)
FN:39,(anonymous_7)
FNF:7
FNH:0
FNDA:0,(anonymous_1)
FNDA:0,(anonymous_2)
FNDA:0,(anonymous_3)
FNDA:0,(anonymous_4)
FNDA:0,(anonymous_5)
FNDA:0,(anonymous_6)
FNDA:0,(anonymous_7)
DA:3,1
DA:5,0
DA:8,0
DA:11,0
DA:12,0
DA:14,0
DA:16,0
DA:17,0
DA:21,0
DA:22,0
DA:27,0
DA:28,0
DA:30,0
DA:32,0
DA:35,0
DA:38,0
DA:40,0
LF:17
LH:1
BRDA:8,1,0,0
BRDA:8,1,1,0
BRF:2
BRH:0
end_of_record
TN:
SF:./public/modules/users/controllers/settings.client.controller.js
FN:4,(anonymous_1)
FN:11,(anonymous_2)
FN:20,(anonymous_3)
FN:25,(anonymous_4)
FN:32,(anonymous_5)
FN:36,(anonymous_6)
FN:42,(anonymous_7)
FN:47,(anonymous_8)
FN:50,(anonymous_9)
FN:59,(anonymous_10)
FN:62,(anonymous_11)
FN:66,(anonymous_12)
FNF:12
FNH:0
FNDA:0,(anonymous_1)
FNDA:0,(anonymous_2)
FNDA:0,(anonymous_3)
FNDA:0,(anonymous_4)
FNDA:0,(anonymous_5)
FNDA:0,(anonymous_6)
FNDA:0,(anonymous_7)
FNDA:0,(anonymous_8)
FNDA:0,(anonymous_9)
FNDA:0,(anonymous_10)
FNDA:0,(anonymous_11)
FNDA:0,(anonymous_12)
DA:3,1
DA:5,0
DA:8,0
DA:11,0
DA:12,0
DA:13,0
DA:16,0
DA:20,0
DA:21,0
DA:25,0
DA:26,0
DA:28,0
DA:34,0
DA:35,0
DA:37,0
DA:42,0
DA:43,0
DA:44,0
DA:45,0
DA:47,0
DA:48,0
DA:49,0
DA:51,0
DA:54,0
DA:59,0
DA:60,0
DA:62,0
DA:64,0
DA:65,0
DA:67,0
LF:30
LH:1
BRDA:8,1,0,0
BRDA:8,1,1,0
BRDA:21,2,0,0
BRDA:21,2,1,0
BRDA:21,2,2,0
BRDA:43,3,0,0
BRDA:43,3,1,0
BRF:7
BRH:0
end_of_record
TN:
SF:./public/modules/users/services/authentication.client.service.js
FN:6,(anonymous_1)
FNF:1
FNH:1
FNDA:13,(anonymous_1)
DA:4,1
DA:7,13
DA:9,13
DA:13,13
LF:4
LH:4
BRF:0
BRH:0
end_of_record
TN:
SF:./public/modules/users/services/users.client.service.js
FN:5,(anonymous_1)
FNF:1
FNH:0
FNDA:0,(anonymous_1)
DA:4,1
DA:6,0
LF:2
LH:1
BRF:0
BRH:0
end_of_record
