TN:
SF:./public/modules/core/config/core.client.routes.js
FN:5,(anonymous_1)
FNF:1
FNH:1
FNDA:11,(anonymous_1)
DA:4,1
DA:7,11
DA:10,11
LF:3
LH:3
BRF:0
BRH:0
end_of_record
TN:
SF:./public/modules/core/controllers/header.client.controller.js
FN:4,(anonymous_1)
FN:9,(anonymous_2)
FN:14,(anonymous_3)
FNF:3
FNH:1
FNDA:1,(anonymous_1)
FNDA:0,(anonymous_2)
FNDA:0,(anonymous_3)
DA:3,1
DA:5,1
DA:6,1
DA:7,1
DA:9,1
DA:10,0
DA:14,1
DA:15,0
LF:8
LH:6
BRF:0
BRH:0
end_of_record
TN:
SF:./public/modules/core/controllers/home.client.controller.js
FN:5,(anonymous_1)
FNF:1
FNH:1
FNDA:1,(anonymous_1)
DA:4,1
DA:7,1
LF:2
LH:2
BRF:0
BRH:0
end_of_record
TN:
SF:./public/modules/core/services/menus.client.service.js
FN:6,(anonymous_1)
FN:14,(anonymous_2)
FN:35,(anonymous_3)
FN:50,(anonymous_4)
FN:59,(anonymous_5)
FN:73,(anonymous_6)
FN:82,(anonymous_7)
FN:105,(anonymous_8)
FN:130,(anonymous_9)
FN:146,(anonymous_10)
FNF:10
FNH:4
FNDA:1,(anonymous_1)
FNDA:0,(anonymous_2)
FNDA:1,(anonymous_3)
FNDA:1,(anonymous_4)
FNDA:1,(anonymous_5)
FNDA:0,(anonymous_6)
FNDA:0,(anonymous_7)
FNDA:0,(anonymous_8)
FNDA:0,(anonymous_9)
FNDA:0,(anonymous_10)
DA:4,1
DA:8,1
DA:11,1
DA:14,1
DA:15,0
DA:16,0
DA:17,0
DA:19,0
DA:20,0
DA:21,0
DA:22,0
DA:28,0
DA:31,0
DA:35,1
DA:36,1
DA:37,1
DA:38,1
DA:40,0
DA:43,0
DA:46,0
DA:50,1
DA:52,1
DA:55,1
DA:59,1
DA:61,1
DA:69,1
DA:73,1
DA:75,0
DA:78,0
DA:82,1
DA:84,0
DA:87,0
DA:101,0
DA:105,1
DA:107,0
DA:110,0
DA:111,0
DA:113,0
DA:126,0
DA:130,1
DA:132,0
DA:135,0
DA:136,0
DA:137,0
DA:142,0
DA:146,1
DA:148,0
DA:151,0
DA:152,0
DA:153,0
DA:154,0
DA:160,0
DA:164,1
LF:53
LH:20
BRDA:15,1,0,0
BRDA:15,1,1,0
BRDA:16,2,0,0
BRDA:16,2,1,0
BRDA:21,3,0,0
BRDA:21,3,1,0
BRDA:36,4,0,1
BRDA:36,4,1,0
BRDA:36,5,0,1
BRDA:36,5,1,1
BRDA:37,6,0,1
BRDA:37,6,1,0
BRDA:62,7,0,1
BRDA:62,7,1,1
BRDA:63,8,0,1
BRDA:63,8,1,1
BRDA:90,9,0,0
BRDA:90,9,1,0
BRDA:92,10,0,0
BRDA:92,10,1,0
BRDA:93,11,0,0
BRDA:93,11,1,0
BRDA:93,12,0,0
BRDA:93,12,1,0
BRDA:94,13,0,0
BRDA:94,13,1,0
BRDA:94,14,0,0
BRDA:94,14,1,0
BRDA:95,15,0,0
BRDA:95,15,1,0
BRDA:111,16,0,0
BRDA:111,16,1,0
BRDA:116,17,0,0
BRDA:116,17,1,0
BRDA:117,18,0,0
BRDA:117,18,1,0
BRDA:117,19,0,0
BRDA:117,19,1,0
BRDA:118,20,0,0
BRDA:118,20,1,0
BRDA:118,21,0,0
BRDA:118,21,1,0
BRDA:119,22,0,0
BRDA:119,22,1,0
BRDA:136,23,0,0
BRDA:136,23,1,0
BRDA:153,24,0,0
BRDA:153,24,1,0
BRF:48
BRH:8
end_of_record
TN:
SF:./public/modules/persons/controllers/persons.client.controller.js
FN:5,(anonymous_1)
FN:10,(anonymous_2)
FN:12,(anonymous_3)
FN:23,(anonymous_4)
FN:29,(anonymous_5)
FN:38,(anonymous_6)
FN:43,(anonymous_7)
FN:45,(anonymous_8)
FN:45,(anonymous_9)
FN:51,(anonymous_10)
FN:53,(anonymous_11)
FN:54,(anonymous_12)
FN:59,(anonymous_13)
FN:75,(anonymous_14)
FNF:14
FNH:0
FNDA:0,(anonymous_1)
FNDA:0,(anonymous_2)
FNDA:0,(anonymous_3)
FNDA:0,(anonymous_4)
FNDA:0,(anonymous_5)
FNDA:0,(anonymous_6)
FNDA:0,(anonymous_7)
FNDA:0,(anonymous_8)
FNDA:0,(anonymous_9)
FNDA:0,(anonymous_10)
FNDA:0,(anonymous_11)
FNDA:0,(anonymous_12)
FNDA:0,(anonymous_13)
FNDA:0,(anonymous_14)
DA:4,1
DA:7,0
DA:10,0
DA:11,0
DA:12,0
DA:13,0
DA:14,0
DA:15,0
DA:20,0
DA:24,0
DA:29,0
DA:30,0
DA:31,0
DA:32,0
DA:33,0
DA:34,0
DA:38,0
DA:43,0
DA:44,0
DA:45,0
DA:46,0
DA:51,0
DA:52,0
DA:53,0
DA:54,0
DA:55,0
DA:56,0
DA:57,0
DA:58,0
DA:59,0
DA:60,0
DA:61,0
DA:62,0
DA:63,0
DA:64,0
DA:65,0
DA:66,0
DA:68,0
DA:70,0
DA:75,0
DA:76,0
LF:41
LH:1
BRDA:13,1,0,0
BRDA:13,1,1,0
BRDA:30,2,0,0
BRDA:30,2,1,0
BRDA:33,3,0,0
BRDA:33,3,1,0
BRF:6
BRH:0
end_of_record
TN:
SF:./public/modules/persons/services/persons.client.service.js
FN:5,(anonymous_1)
FNF:1
FNH:0
FNDA:0,(anonymous_1)
DA:4,1
DA:6,0
LF:2
LH:1
BRF:0
BRH:0
end_of_record
TN:
SF:./public/modules/projects/controllers/projects.client.controller.js
FN:5,(anonymous_1)
FN:9,(anonymous_2)
FN:11,(anonymous_3)
FN:21,(anonymous_4)
FN:26,(anonymous_5)
FN:35,(anonymous_6)
FN:39,(anonymous_7)
FN:41,(anonymous_8)
FN:41,(anonymous_9)
FNF:9
FNH:4
FNDA:4,(anonymous_1)
FNDA:1,(anonymous_2)
FNDA:1,(anonymous_3)
FNDA:0,(anonymous_4)
FNDA:1,(anonymous_5)
FNDA:0,(anonymous_6)
FNDA:0,(anonymous_7)
FNDA:0,(anonymous_8)
FNDA:0,(anonymous_9)
DA:4,1
DA:6,4
DA:9,4
DA:10,1
DA:11,1
DA:12,1
DA:13,1
DA:14,1
DA:19,1
DA:22,0
DA:26,4
DA:27,1
DA:28,1
DA:29,1
DA:30,1
DA:31,1
DA:35,0
DA:39,4
DA:40,0
DA:41,0
DA:42,0
LF:21
LH:16
BRDA:12,1,0,1
BRDA:12,1,1,0
BRDA:27,2,0,1
BRDA:27,2,1,0
BRDA:30,3,0,1
BRDA:30,3,1,0
BRF:6
BRH:3
end_of_record
TN:
SF:./public/modules/projects/directives/custompopover.client.directive.js
FNF:0
FNH:0
LF:0
LH:0
BRF:0
BRH:0
end_of_record
TN:
SF:./public/modules/projects/services/projects.client.service.js
FN:5,(anonymous_1)
FNF:1
FNH:1
FNDA:4,(anonymous_1)
DA:4,1
DA:6,4
LF:2
LH:2
BRF:0
BRH:0
end_of_record
TN:
SF:./public/modules/tasks/controllers/modalwindow.client.controller.js
FN:5,(anonymous_1)
FN:7,(anonymous_2)
FN:18,(anonymous_3)
FN:22,(anonymous_4)
FNF:4
FNH:0
FNDA:0,(anonymous_1)
FNDA:0,(anonymous_2)
FNDA:0,(anonymous_3)
FNDA:0,(anonymous_4)
DA:4,1
DA:7,0
DA:8,0
DA:10,0
DA:11,0
DA:13,0
DA:14,0
DA:18,0
DA:19,0
DA:22,0
DA:23,0
LF:11
LH:1
BRDA:8,1,0,0
BRDA:8,1,1,0
BRF:2
BRH:0
end_of_record
TN:
SF:./public/modules/tasks/controllers/tasks.client.controller.js
FN:6,(anonymous_1)
FN:19,(anonymous_2)
FN:28,(anonymous_3)
FN:38,(anonymous_4)
FN:41,(anonymous_5)
FN:43,(anonymous_6)
FN:44,(anonymous_7)
FN:49,(anonymous_8)
FN:65,(anonymous_9)
FN:73,(anonymous_10)
FN:91,(anonymous_11)
FN:96,(anonymous_12)
FN:103,(anonymous_13)
FN:105,(anonymous_14)
FN:144,(anonymous_15)
FN:154,(anonymous_16)
FN:159,(anonymous_17)
FN:173,(anonymous_18)
FN:175,(anonymous_19)
FN:180,(anonymous_20)
FN:186,(anonymous_21)
FN:203,(anonymous_22)
FN:225,(anonymous_23)
FN:232,(anonymous_24)
FN:236,(anonymous_25)
FNF:25
FNH:0
FNDA:0,(anonymous_1)
FNDA:0,(anonymous_2)
FNDA:0,(anonymous_3)
FNDA:0,(anonymous_4)
FNDA:0,(anonymous_5)
FNDA:0,(anonymous_6)
FNDA:0,(anonymous_7)
FNDA:0,(anonymous_8)
FNDA:0,(anonymous_9)
FNDA:0,(anonymous_10)
FNDA:0,(anonymous_11)
FNDA:0,(anonymous_12)
FNDA:0,(anonymous_13)
FNDA:0,(anonymous_14)
FNDA:0,(anonymous_15)
FNDA:0,(anonymous_16)
FNDA:0,(anonymous_17)
FNDA:0,(anonymous_18)
FNDA:0,(anonymous_19)
FNDA:0,(anonymous_20)
FNDA:0,(anonymous_21)
FNDA:0,(anonymous_22)
FNDA:0,(anonymous_23)
FNDA:0,(anonymous_24)
FNDA:0,(anonymous_25)
DA:4,1
DA:8,0
DA:10,0
DA:12,0
DA:16,0
DA:19,0
DA:21,0
DA:28,0
DA:29,0
DA:30,0
DA:31,0
DA:33,0
DA:34,0
DA:37,0
DA:41,0
DA:42,0
DA:43,0
DA:44,0
DA:45,0
DA:46,0
DA:47,0
DA:48,0
DA:49,0
DA:50,0
DA:51,0
DA:52,0
DA:53,0
DA:54,0
DA:55,0
DA:56,0
DA:58,0
DA:60,0
DA:65,0
DA:66,0
DA:72,0
DA:73,0
DA:74,0
DA:81,0
DA:82,0
DA:84,0
DA:87,0
DA:88,0
DA:89,0
DA:92,0
DA:96,0
DA:97,0
DA:100,0
DA:101,0
DA:102,0
DA:103,0
DA:106,0
DA:111,0
DA:145,0
DA:154,0
DA:155,0
DA:156,0
DA:159,0
DA:160,0
DA:161,0
DA:162,0
DA:165,0
DA:167,0
DA:168,0
DA:173,0
DA:174,0
DA:175,0
DA:176,0
DA:180,0
DA:182,0
DA:183,0
DA:186,0
DA:187,0
DA:189,0
DA:191,0
DA:192,0
DA:194,0
DA:195,0
DA:198,0
DA:199,0
DA:203,0
DA:204,0
DA:206,0
DA:207,0
DA:209,0
DA:210,0
DA:213,0
DA:215,0
DA:216,0
DA:217,0
DA:218,0
DA:219,0
DA:225,0
DA:226,0
DA:227,0
DA:232,0
DA:233,0
DA:236,0
DA:237,0
DA:238,0
LF:99
LH:1
BRDA:29,1,0,0
BRDA:29,1,1,0
BRDA:55,2,0,0
BRDA:55,2,1,0
BRDA:81,3,0,0
BRDA:81,3,1,0
BRDA:145,4,0,0
BRDA:145,4,1,0
BRDA:160,5,0,0
BRDA:160,5,1,0
BRDA:161,6,0,0
BRDA:161,6,1,0
BRDA:189,7,0,0
BRDA:189,7,1,0
BRDA:204,8,0,0
BRDA:204,8,1,0
BRDA:215,9,0,0
BRDA:215,9,1,0
BRDA:216,10,0,0
BRDA:216,10,1,0
BRDA:216,11,0,0
BRDA:216,11,1,0
BRF:22
BRH:0
end_of_record
TN:
SF:./public/modules/tasks/services/tasks.client.service.js
FN:5,(anonymous_1)
FN:17,(anonymous_2)
FN:23,Sample
FN:25,(anonymous_4)
FN:28,(anonymous_5)
FN:44,Uuid
FN:46,(anonymous_7)
FN:51,(anonymous_8)
FNF:8
FNH:2
FNDA:4,(anonymous_1)
FNDA:4,(anonymous_2)
FNDA:0,Sample
FNDA:0,(anonymous_4)
FNDA:0,(anonymous_5)
FNDA:0,Uuid
FNDA:0,(anonymous_7)
FNDA:0,(anonymous_8)
DA:4,1
DA:6,4
DA:17,1
DA:18,4
DA:23,1
DA:24,0
DA:26,0
DA:29,0
DA:44,1
DA:45,0
DA:47,0
DA:52,0
LF:12
LH:6
BRF:0
BRH:0
end_of_record
TN:
SF:./public/modules/users/config/users.client.config.js
FN:5,(anonymous_1)
FN:8,(anonymous_2)
FN:10,(anonymous_3)
FNF:3
FNH:3
FNDA:11,(anonymous_1)
FNDA:9,(anonymous_2)
FNDA:3,(anonymous_3)
DA:4,1
DA:7,11
DA:9,9
DA:11,3
DA:14,0
DA:17,0
DA:18,0
DA:21,0
DA:24,3
LF:9
LH:5
BRDA:11,1,0,0
BRDA:11,1,1,0
BRF:2
BRH:0
end_of_record
TN:
SF:./public/modules/users/config/users.client.routes.js
FN:5,(anonymous_1)
FNF:1
FNH:1
FNDA:11,(anonymous_1)
DA:4,1
DA:7,11
LF:2
LH:2
BRF:0
BRH:0
end_of_record
TN:
SF:./public/modules/users/controllers/authentication.client.controller.js
FN:4,(anonymous_1)
FN:10,(anonymous_2)
FN:11,(anonymous_3)
FN:17,(anonymous_4)
FN:22,(anonymous_5)
FN:23,(anonymous_6)
FN:29,(anonymous_7)
FNF:7
FNH:7
FNDA:5,(anonymous_1)
FNDA:2,(anonymous_2)
FNDA:1,(anonymous_3)
FNDA:1,(anonymous_4)
FNDA:3,(anonymous_5)
FNDA:1,(anonymous_6)
FNDA:2,(anonymous_7)
DA:3,1
DA:5,5
DA:8,5
DA:10,5
DA:11,2
DA:13,1
DA:16,1
DA:18,1
DA:22,5
DA:23,3
DA:25,1
DA:28,1
DA:30,2
LF:13
LH:13
BRDA:8,1,0,0
BRDA:8,1,1,5
BRF:2
BRH:1
end_of_record
TN:
SF:./public/modules/users/controllers/password.client.controller.js
FN:4,(anonymous_1)
FN:11,(anonymous_2)
FN:14,(anonymous_3)
FN:19,(anonymous_4)
FN:27,(anonymous_5)
FN:30,(anonymous_6)
FN:39,(anonymous_7)
FNF:7
FNH:0
FNDA:0,(anonymous_1)
FNDA:0,(anonymous_2)
FNDA:0,(anonymous_3)
FNDA:0,(anonymous_4)
FNDA:0,(anonymous_5)
FNDA:0,(anonymous_6)
FNDA:0,(anonymous_7)
DA:3,1
DA:5,0
DA:8,0
DA:11,0
DA:12,0
DA:14,0
DA:16,0
DA:17,0
DA:21,0
DA:22,0
DA:27,0
DA:28,0
DA:30,0
DA:32,0
DA:35,0
DA:38,0
DA:40,0
LF:17
LH:1
BRDA:8,1,0,0
BRDA:8,1,1,0
BRF:2
BRH:0
end_of_record
TN:
SF:./public/modules/users/controllers/settings.client.controller.js
FN:4,(anonymous_1)
FN:11,(anonymous_2)
FN:20,(anonymous_3)
FN:25,(anonymous_4)
FN:32,(anonymous_5)
FN:36,(anonymous_6)
FN:42,(anonymous_7)
FN:47,(anonymous_8)
FN:50,(anonymous_9)
FN:59,(anonymous_10)
FN:62,(anonymous_11)
FN:66,(anonymous_12)
FNF:12
FNH:0
FNDA:0,(anonymous_1)
FNDA:0,(anonymous_2)
FNDA:0,(anonymous_3)
FNDA:0,(anonymous_4)
FNDA:0,(anonymous_5)
FNDA:0,(anonymous_6)
FNDA:0,(anonymous_7)
FNDA:0,(anonymous_8)
FNDA:0,(anonymous_9)
FNDA:0,(anonymous_10)
FNDA:0,(anonymous_11)
FNDA:0,(anonymous_12)
DA:3,1
DA:5,0
DA:8,0
DA:11,0
DA:12,0
DA:13,0
DA:16,0
DA:20,0
DA:21,0
DA:25,0
DA:26,0
DA:28,0
DA:34,0
DA:35,0
DA:37,0
DA:42,0
DA:43,0
DA:44,0
DA:45,0
DA:47,0
DA:48,0
DA:49,0
DA:51,0
DA:54,0
DA:59,0
DA:60,0
DA:62,0
DA:64,0
DA:65,0
DA:67,0
LF:30
LH:1
BRDA:8,1,0,0
BRDA:8,1,1,0
BRDA:21,2,0,0
BRDA:21,2,1,0
BRDA:21,2,2,0
BRDA:43,3,0,0
BRDA:43,3,1,0
BRF:7
BRH:0
end_of_record
TN:
SF:./public/modules/users/services/authentication.client.service.js
FN:6,(anonymous_1)
FNF:1
FNH:1
FNDA:11,(anonymous_1)
DA:4,1
DA:7,11
DA:9,11
DA:13,11
LF:4
LH:4
BRF:0
BRH:0
end_of_record
TN:
SF:./public/modules/users/services/users.client.service.js
FN:5,(anonymous_1)
FNF:1
FNH:0
FNDA:0,(anonymous_1)
DA:4,1
DA:6,0
LF:2
LH:1
BRF:0
BRH:0
end_of_record
